398
3 6 8 9 18 19
463
4 9 12 15 23 24
481
1 7 9 14 16 18 22 29
572
1 2 10 13 17 18 22 34
525
1 6 10 14 15 22 29 35
591
3 7 9 14 24 26 31 43
653
11 22 26 38 40 42 45 47
623
1 16 26 27 29 35 49 54
638
20 23 32 41 44 45 53 58 60
669
3 21 24 26 31 50 53 65
749
6 9 18 20 26 43 48 53 64 69
674
1 9 20 25 35 46 49 54 69
777
11 18 21 31 45 46 47 55 66 69 78
777
8 11 26 32 33 39 40 45 66 78
696
18 21 28 37 42 47 48 51 58 66
748
20 26 53 54 55 59 61 76 78 85 92
773
13 22 46 54 61 63 69 75 99
