1494
2 10 12 15 18 20
1198
4 6 13 14 16 17 21
1227
2 6 13 16 19 20 29
1307
6 12 15 16 17 22 24 28 33 34
1574
2 3 13 15 19 21 25 35
1668
5 7 8 9 10 16 18 19 26 28
1863
1 4 11 16 18 20 33 43 46
1880
3 6 10 12 17 29 31 43 49 53
1841
1 3 8 19 27 29 32 50 54 59
2041
11 22 26 27 35 39 42 46 64
1749
5 6 11 33 52 56 62 68 70
1876
3 31 33 44 53 65 68 69 72 74
2252
4 10 21 22 44 49 53 63 74
2154
8 16 24 27 30 32 52 79 81 83
2408
11 15 29 30 32 42 61 65 70 71 72
2555
8 15 30 39 47 50 56 63 69 70 89
2444
33 57 61 67 71 84 85 87 88 94
