157
3 4 5 10 14 16
159
3 4 5 9 16 17 25
158
3 11 17 18 19 20 28 30
175
6 12 16 17 19 20 22 28 30
179
4 6 8 19 27 30 37 38 39
197
1 6 11 12 13 19 30 31 35
233
5 6 7 11 17 24 25 38 39 47
210
1 5 10 29 31 34 36 42 49 54
250
7 10 19 23 33 42 47 48 54 57
203
2 15 19 22 30 33 46 52 59
239
3 6 11 12 13 21 27 35 41 51 58
228
2 5 7 8 41 45 61 63 69
228
9 14 15 23 51 52 56 62 74 79
238
6 7 11 28 29 35 40 43 48 62 76
261
10 12 32 34 37 39 57 59 69 76 87
257
5 13 28 39 43 55 62 68 72 76 87
262
7 11 12 17 30 38 41 52 62 82 90
