369
4 5 6 7 9
477
1 2 4 10 11
656
2 3 5 6 8 14
539
4 5 6 14 20
572
2 5 6 15 22 28
815
11 14 17 18 21 27 28 33
655
3 6 7 16 20 24 25 28 30 34
820
7 14 16 20 22 24 25 29
824
2 8 9 28 32 37 42 50
932
2 6 8 35 38 39 45 50
899
5 7 13 27 39 45 46 50 53
1016
11 12 19 34 36 48 51 60
881
16 17 22 34 42 45 60 61
947
3 6 11 14 28 37 53 55
742
5 15 23 27 46 55 74 80
1038
12 19 22 27 35 58 73 82
962
2 10 11 19 24 26 38 55 81
1053
3 5 15 18 20 24 37 38 52
1143
1 5 6 25 40 66 69 83 98
1061
34 36 38 42 45 49 54 58 71 94
1081
2 23 36 59 64 65 76 86 104 106
1066
9 12 18 21 50 55 74 85 89
