407
1 4 6 8 9
598
7 8 9 13 14
580
1 2 4 5 6 7
752
3 8 15 19 21 22 25
628
8 9 17 21 28
734
3 4 8 14 26 27 32
838
4 10 16 20 21 25 35 39
948
1 12 20 23 25 31 32 37 44
859
6 12 14 17 20 28 36 50
1034
2 13 17 18 31 40 42 43 48 55
989
12 25 36 39 43 45 47 51 55 57
939
3 4 9 24 30 48 49 50 60
1062
5 9 15 18 22 38 41 42 65 68
1131
16 17 23 31 32 48 50 66 68 75
1118
1 6 21 36 53 55 68 70 73
1253
5 16 21 24 28 37 52 69 74 75 78
1084
23 40 44 46 53 54 56 86 87 89
1184
13 14 23 24 31 41 46 51 66 71 77
1251
6 12 16 25 31 33 44 49 50 94
1335
8 12 13 29 49 51 58 67 83 92 99 101
1204
9 17 19 35 37 51 76 89 97 105 106
1230
21 48 52 58 62 65 66 79 97 99 106 113
