464
1 2 3 4 7 10
767
4 5 6 8 11 14 15
719
5 7 10 13 14 15 20
715
3 6 7 11 14 19 23 24 25
729
5 8 12 15 16 23 25 27
1041
3 4 7 14 16 23 33 35
943
4 6 12 16 18 29 33 38 39
966
2 5 6 13 24 30 32 37 38
963
4 9 11 21 24 28 33 36 37
1338
2 14 15 18 20 23 24 33 34 41 46 52
1272
12 19 20 27 31 36 39 42 46 50 54 58
1324
2 4 8 9 15 19 34 40 45 50 58 62
1232
2 8 9 10 12 13 17 23 36 44 52 56 64
1232
9 19 22 26 27 29 32 40 41 55 67 74
1268
1 2 12 30 32 43 46 54 63 68 78
1289
1 4 10 23 29 42 52 60 68 74 77 83
1569
4 10 21 22 29 30 34 39 43 45 47 59 86
1277
15 19 25 38 46 55 60 77 79 92 93
464
1 2 3 4 7 10
767
4 5 6 8 11 14 15
719
5 7 10 13 14 15 20
715
3 6 7 11 14 19 23 24 25
729
5 8 12 15 16 23 25 27
1041
3 4 7 14 16 23 33 35
943
4 6 12 16 18 29 33 38 39
966
2 5 6 13 24 30 32 37 38
963
4 9 11 21 24 28 33 36 37
1338
2 14 15 18 20 23 24 33 34 41 46 52
1272
12 19 20 27 31 36 39 42 46 50 54 58
1324
2 4 8 9 15 19 34 40 45 50 58 62
1232
2 8 9 10 12 13 17 23 36 44 52 56 64
1232
9 19 22 26 27 29 32 40 41 55 67 74
1268
1 2 12 30 32 43 46 54 63 68 78
1289
1 4 10 23 29 42 52 60 68 74 77 83
1569
4 10 21 22 29 30 34 39 43 45 47 59 86
1277
15 19 25 38 46 55 60 77 79 92 93
1429
23 31 51 61 68 69 71 82 86 91 92 97 99
464
1 2 3 4 7 10
767
4 5 6 8 11 14 15
719
5 7 10 13 14 15 20
715
3 6 7 11 14 19 23 24 25
729
5 8 12 15 16 23 25 27
1041
3 4 7 14 16 23 33 35
943
4 6 12 16 18 29 33 38 39
966
2 5 6 13 24 30 32 37 38
963
4 9 11 21 24 28 33 36 37
1338
2 14 15 18 20 23 24 33 34 41 46 52
1272
12 19 20 27 31 36 39 42 46 50 54 58
1324
2 4 8 9 15 19 34 40 45 50 58 62
1232
2 8 9 10 12 13 17 23 36 44 52 56 64
1232
9 19 22 26 27 29 32 40 41 55 67 74
1268
1 2 12 30 32 43 46 54 63 68 78
1289
1 4 10 23 29 42 52 60 68 74 77 83
1569
4 10 21 22 29 30 34 39 43 45 47 59 86
1277
15 19 25 38 46 55 60 77 79 92 93
1429
23 31 51 61 68 69 71 82 86 91 92 97 99
1513
2 4 13 15 39 44 49 58 64 75 79 88 95 103
